<?xml version="1.0" encoding="UTF-8"?>
<!-- Generated by org.testng.reporters.JUnitReportReporter -->
<testsuite skipped="0" hostname="ATMECSINLT-002" name="com.redbus.testscripts.RedbusTestScript" tests="2" failures="0" timestamp="2019-08-30T14:50:43 IST" time="12.295" errors="0">
  <testcase name="HomePage" time="11.300" classname="com.redbus.testscripts.RedbusTestScript"/>
  <testcase name="countTotalBusesTest" time="0.995" classname="com.redbus.testscripts.RedbusTestScript"/>
</testsuite> <!-- com.redbus.testscripts.RedbusTestScript -->
